{"C:\\Users\\HP\\weather-dashboard\\script.js": {"path":"C:\\Users\\HP\\weather-dashboard\\script.js","statementMap":{"0":{"start":{"line":3,"column":16},"end":{"line":3,"column":50}},"1":{"start":{"line":4,"column":21},"end":{"line":4,"column":31}},"2":{"start":{"line":7,"column":36},"end":{"line":7,"column":68}},"3":{"start":{"line":8,"column":39},"end":{"line":8,"column":84}},"4":{"start":{"line":9,"column":25},"end":{"line":9,"column":61}},"5":{"start":{"line":10,"column":25},"end":{"line":10,"column":61}},"6":{"start":{"line":13,"column":2},"end":{"line":15,"column":3}},"7":{"start":{"line":14,"column":4},"end":{"line":14,"column":80}},"8":{"start":{"line":16,"column":14},"end":{"line":16,"column":110}},"9":{"start":{"line":17,"column":14},"end":{"line":17,"column":30}},"10":{"start":{"line":18,"column":2},"end":{"line":21,"column":3}},"11":{"start":{"line":19,"column":20},"end":{"line":19,"column":36}},"12":{"start":{"line":20,"column":4},"end":{"line":20,"column":59}},"13":{"start":{"line":22,"column":2},"end":{"line":22,"column":20}},"14":{"start":{"line":26,"column":2},"end":{"line":28,"column":3}},"15":{"start":{"line":27,"column":4},"end":{"line":27,"column":80}},"16":{"start":{"line":29,"column":14},"end":{"line":29,"column":111}},"17":{"start":{"line":30,"column":14},"end":{"line":30,"column":30}},"18":{"start":{"line":31,"column":2},"end":{"line":34,"column":3}},"19":{"start":{"line":32,"column":20},"end":{"line":32,"column":36}},"20":{"start":{"line":33,"column":4},"end":{"line":33,"column":59}},"21":{"start":{"line":35,"column":2},"end":{"line":35,"column":20}},"22":{"start":{"line":39,"column":15},"end":{"line":39,"column":17}},"23":{"start":{"line":40,"column":2},"end":{"line":45,"column":5}},"24":{"start":{"line":41,"column":17},"end":{"line":41,"column":111}},"25":{"start":{"line":42,"column":4},"end":{"line":42,"column":65}},"26":{"start":{"line":42,"column":20},"end":{"line":42,"column":65}},"27":{"start":{"line":43,"column":4},"end":{"line":43,"column":42}},"28":{"start":{"line":44,"column":4},"end":{"line":44,"column":62}},"29":{"start":{"line":46,"column":2},"end":{"line":53,"column":5}},"30":{"start":{"line":47,"column":14},"end":{"line":47,"column":24}},"31":{"start":{"line":48,"column":21},"end":{"line":48,"column":64}},"32":{"start":{"line":48,"column":43},"end":{"line":48,"column":46}},"33":{"start":{"line":49,"column":17},"end":{"line":49,"column":19}},"34":{"start":{"line":50,"column":4},"end":{"line":50,"column":62}},"35":{"start":{"line":50,"column":32},"end":{"line":50,"column":60}},"36":{"start":{"line":51,"column":24},"end":{"line":51,"column":77}},"37":{"start":{"line":51,"column":56},"end":{"line":51,"column":76}},"38":{"start":{"line":52,"column":4},"end":{"line":52,"column":65}},"39":{"start":{"line":58,"column":2},"end":{"line":80,"column":3}},"40":{"start":{"line":59,"column":20},"end":{"line":59,"column":64}},"41":{"start":{"line":61,"column":4},"end":{"line":74,"column":5}},"42":{"start":{"line":63,"column":6},"end":{"line":73,"column":7}},"43":{"start":{"line":65,"column":8},"end":{"line":67,"column":9}},"44":{"start":{"line":66,"column":10},"end":{"line":66,"column":53}},"45":{"start":{"line":72,"column":8},"end":{"line":72,"column":51}},"46":{"start":{"line":75,"column":4},"end":{"line":75,"column":19}},"47":{"start":{"line":78,"column":4},"end":{"line":78,"column":47}},"48":{"start":{"line":79,"column":4},"end":{"line":79,"column":14}},"49":{"start":{"line":84,"column":0},"end":{"line":158,"column":1}},"50":{"start":{"line":86,"column":19},"end":{"line":94,"column":3}},"51":{"start":{"line":98,"column":2},"end":{"line":98,"column":27}},"52":{"start":{"line":101,"column":2},"end":{"line":110,"column":4}},"53":{"start":{"line":102,"column":4},"end":{"line":102,"column":79}},"54":{"start":{"line":103,"column":4},"end":{"line":103,"column":77}},"55":{"start":{"line":104,"column":18},"end":{"line":104,"column":32}},"56":{"start":{"line":105,"column":14},"end":{"line":105,"column":36}},"57":{"start":{"line":106,"column":14},"end":{"line":106,"column":39}},"58":{"start":{"line":107,"column":4},"end":{"line":107,"column":71}},"59":{"start":{"line":108,"column":4},"end":{"line":108,"column":65}},"60":{"start":{"line":109,"column":4},"end":{"line":109,"column":86}},"61":{"start":{"line":113,"column":4},"end":{"line":113,"column":42}},"62":{"start":{"line":114,"column":4},"end":{"line":121,"column":7}},"63":{"start":{"line":115,"column":19},"end":{"line":115,"column":48}},"64":{"start":{"line":116,"column":6},"end":{"line":116,"column":39}},"65":{"start":{"line":117,"column":19},"end":{"line":117,"column":58}},"66":{"start":{"line":118,"column":16},"end":{"line":118,"column":45}},"67":{"start":{"line":119,"column":6},"end":{"line":119,"column":89}},"68":{"start":{"line":120,"column":6},"end":{"line":120,"column":47}},"69":{"start":{"line":125,"column":20},"end":{"line":125,"column":45}},"70":{"start":{"line":127,"column":2},"end":{"line":135,"column":5}},"71":{"start":{"line":128,"column":4},"end":{"line":128,"column":50}},"72":{"start":{"line":129,"column":4},"end":{"line":129,"column":37}},"73":{"start":{"line":130,"column":21},"end":{"line":130,"column":50}},"74":{"start":{"line":131,"column":4},"end":{"line":134,"column":5}},"75":{"start":{"line":132,"column":19},"end":{"line":132,"column":62}},"76":{"start":{"line":133,"column":6},"end":{"line":133,"column":118}},"77":{"start":{"line":133,"column":51},"end":{"line":133,"column":83}},"78":{"start":{"line":133,"column":98},"end":{"line":133,"column":116}},"79":{"start":{"line":137,"column":2},"end":{"line":153,"column":5}},"80":{"start":{"line":138,"column":4},"end":{"line":138,"column":23}},"81":{"start":{"line":139,"column":17},"end":{"line":139,"column":48}},"82":{"start":{"line":140,"column":4},"end":{"line":140,"column":21}},"83":{"start":{"line":140,"column":14},"end":{"line":140,"column":21}},"84":{"start":{"line":141,"column":4},"end":{"line":152,"column":5}},"85":{"start":{"line":142,"column":34},"end":{"line":145,"column":8}},"86":{"start":{"line":146,"column":6},"end":{"line":146,"column":42}},"87":{"start":{"line":147,"column":18},"end":{"line":147,"column":57}},"88":{"start":{"line":148,"column":6},"end":{"line":148,"column":26}},"89":{"start":{"line":150,"column":6},"end":{"line":150,"column":25}},"90":{"start":{"line":151,"column":6},"end":{"line":151,"column":64}},"91":{"start":{"line":157,"column":2},"end":{"line":157,"column":35}}},"fnMap":{"0":{"name":"kelvinToCelsius","decl":{"start":{"line":7,"column":16},"end":{"line":7,"column":31}},"loc":{"start":{"line":7,"column":34},"end":{"line":7,"column":70}},"line":7},"1":{"name":"kelvinToFahrenheit","decl":{"start":{"line":8,"column":16},"end":{"line":8,"column":34}},"loc":{"start":{"line":8,"column":37},"end":{"line":8,"column":86}},"line":8},"2":{"name":"cToF","decl":{"start":{"line":9,"column":16},"end":{"line":9,"column":20}},"loc":{"start":{"line":9,"column":23},"end":{"line":9,"column":63}},"line":9},"3":{"name":"fToC","decl":{"start":{"line":10,"column":16},"end":{"line":10,"column":20}},"loc":{"start":{"line":10,"column":23},"end":{"line":10,"column":63}},"line":10},"4":{"name":"fetchCurrentWeatherByCity","decl":{"start":{"line":12,"column":22},"end":{"line":12,"column":47}},"loc":{"start":{"line":12,"column":53},"end":{"line":23,"column":1}},"line":12},"5":{"name":"fetch5DayForecastByCity","decl":{"start":{"line":25,"column":22},"end":{"line":25,"column":45}},"loc":{"start":{"line":25,"column":51},"end":{"line":36,"column":1}},"line":25},"6":{"name":"aggregateForecastToDaily","decl":{"start":{"line":38,"column":16},"end":{"line":38,"column":40}},"loc":{"start":{"line":38,"column":46},"end":{"line":54,"column":1}},"line":38},"7":{"name":"(anonymous_7)","decl":{"start":{"line":40,"column":15},"end":{"line":40,"column":16}},"loc":{"start":{"line":40,"column":23},"end":{"line":45,"column":3}},"line":40},"8":{"name":"(anonymous_8)","decl":{"start":{"line":46,"column":31},"end":{"line":46,"column":32}},"loc":{"start":{"line":46,"column":39},"end":{"line":53,"column":3}},"line":46},"9":{"name":"(anonymous_9)","decl":{"start":{"line":48,"column":36},"end":{"line":48,"column":37}},"loc":{"start":{"line":48,"column":43},"end":{"line":48,"column":46}},"line":48},"10":{"name":"(anonymous_10)","decl":{"start":{"line":50,"column":27},"end":{"line":50,"column":28}},"loc":{"start":{"line":50,"column":32},"end":{"line":50,"column":60}},"line":50},"11":{"name":"(anonymous_11)","decl":{"start":{"line":51,"column":49},"end":{"line":51,"column":50}},"loc":{"start":{"line":51,"column":56},"end":{"line":51,"column":76}},"line":51},"12":{"name":"init","decl":{"start":{"line":57,"column":22},"end":{"line":57,"column":26}},"loc":{"start":{"line":57,"column":54},"end":{"line":81,"column":1}},"line":57},"13":{"name":"renderCurrent","decl":{"start":{"line":101,"column":34},"end":{"line":101,"column":47}},"loc":{"start":{"line":101,"column":63},"end":{"line":110,"column":3}},"line":101},"14":{"name":"renderForecast","decl":{"start":{"line":112,"column":11},"end":{"line":112,"column":25}},"loc":{"start":{"line":112,"column":30},"end":{"line":122,"column":3}},"line":112},"15":{"name":"(anonymous_15)","decl":{"start":{"line":114,"column":27},"end":{"line":114,"column":28}},"loc":{"start":{"line":114,"column":34},"end":{"line":121,"column":5}},"line":114},"16":{"name":"(anonymous_16)","decl":{"start":{"line":127,"column":48},"end":{"line":127,"column":49}},"loc":{"start":{"line":127,"column":54},"end":{"line":135,"column":3}},"line":127},"17":{"name":"(anonymous_17)","decl":{"start":{"line":133,"column":43},"end":{"line":133,"column":44}},"loc":{"start":{"line":133,"column":51},"end":{"line":133,"column":83}},"line":133},"18":{"name":"(anonymous_18)","decl":{"start":{"line":133,"column":91},"end":{"line":133,"column":92}},"loc":{"start":{"line":133,"column":98},"end":{"line":133,"column":116}},"line":133},"19":{"name":"(anonymous_19)","decl":{"start":{"line":137,"column":47},"end":{"line":137,"column":48}},"loc":{"start":{"line":137,"column":60},"end":{"line":153,"column":3}},"line":137},"20":{"name":"(anonymous_20)","decl":{"start":{"line":157,"column":27},"end":{"line":157,"column":28}},"loc":{"start":{"line":157,"column":31},"end":{"line":157,"column":33}},"line":157}},"branchMap":{"0":{"loc":{"start":{"line":13,"column":2},"end":{"line":15,"column":3}},"type":"if","locations":[{"start":{"line":13,"column":2},"end":{"line":15,"column":3}},{"start":{},"end":{}}],"line":13},"1":{"loc":{"start":{"line":13,"column":5},"end":{"line":13,"column":58}},"type":"binary-expr","locations":[{"start":{"line":13,"column":5},"end":{"line":13,"column":13}},{"start":{"line":13,"column":17},"end":{"line":13,"column":58}}],"line":13},"2":{"loc":{"start":{"line":18,"column":2},"end":{"line":21,"column":3}},"type":"if","locations":[{"start":{"line":18,"column":2},"end":{"line":21,"column":3}},{"start":{},"end":{}}],"line":18},"3":{"loc":{"start":{"line":26,"column":2},"end":{"line":28,"column":3}},"type":"if","locations":[{"start":{"line":26,"column":2},"end":{"line":28,"column":3}},{"start":{},"end":{}}],"line":26},"4":{"loc":{"start":{"line":26,"column":5},"end":{"line":26,"column":58}},"type":"binary-expr","locations":[{"start":{"line":26,"column":5},"end":{"line":26,"column":13}},{"start":{"line":26,"column":17},"end":{"line":26,"column":58}}],"line":26},"5":{"loc":{"start":{"line":31,"column":2},"end":{"line":34,"column":3}},"type":"if","locations":[{"start":{"line":31,"column":2},"end":{"line":34,"column":3}},{"start":{},"end":{}}],"line":31},"6":{"loc":{"start":{"line":41,"column":17},"end":{"line":41,"column":111}},"type":"cond-expr","locations":[{"start":{"line":41,"column":31},"end":{"line":41,"column":56}},{"start":{"line":41,"column":59},"end":{"line":41,"column":111}}],"line":41},"7":{"loc":{"start":{"line":42,"column":4},"end":{"line":42,"column":65}},"type":"if","locations":[{"start":{"line":42,"column":4},"end":{"line":42,"column":65}},{"start":{},"end":{}}],"line":42},"8":{"loc":{"start":{"line":50,"column":43},"end":{"line":50,"column":55}},"type":"binary-expr","locations":[{"start":{"line":50,"column":43},"end":{"line":50,"column":50}},{"start":{"line":50,"column":54},"end":{"line":50,"column":55}}],"line":50},"9":{"loc":{"start":{"line":51,"column":56},"end":{"line":51,"column":76}},"type":"cond-expr","locations":[{"start":{"line":51,"column":73},"end":{"line":51,"column":74}},{"start":{"line":51,"column":75},"end":{"line":51,"column":76}}],"line":51},"10":{"loc":{"start":{"line":57,"column":27},"end":{"line":57,"column":53}},"type":"default-arg","locations":[{"start":{"line":57,"column":41},"end":{"line":57,"column":53}}],"line":57},"11":{"loc":{"start":{"line":61,"column":4},"end":{"line":74,"column":5}},"type":"if","locations":[{"start":{"line":61,"column":4},"end":{"line":74,"column":5}},{"start":{},"end":{}}],"line":61},"12":{"loc":{"start":{"line":65,"column":8},"end":{"line":67,"column":9}},"type":"if","locations":[{"start":{"line":65,"column":8},"end":{"line":67,"column":9}},{"start":{},"end":{}}],"line":65},"13":{"loc":{"start":{"line":66,"column":33},"end":{"line":66,"column":51}},"type":"binary-expr","locations":[{"start":{"line":66,"column":33},"end":{"line":66,"column":44}},{"start":{"line":66,"column":48},"end":{"line":66,"column":51}}],"line":66},"14":{"loc":{"start":{"line":84,"column":0},"end":{"line":158,"column":1}},"type":"if","locations":[{"start":{"line":84,"column":0},"end":{"line":158,"column":1}},{"start":{},"end":{}}],"line":84},"15":{"loc":{"start":{"line":84,"column":4},"end":{"line":84,"column":68}},"type":"binary-expr","locations":[{"start":{"line":84,"column":4},"end":{"line":84,"column":33}},{"start":{"line":84,"column":37},"end":{"line":84,"column":68}}],"line":84},"16":{"loc":{"start":{"line":101,"column":54},"end":{"line":101,"column":62}},"type":"default-arg","locations":[{"start":{"line":101,"column":59},"end":{"line":101,"column":62}}],"line":101},"17":{"loc":{"start":{"line":102,"column":53},"end":{"line":102,"column":76}},"type":"binary-expr","locations":[{"start":{"line":102,"column":53},"end":{"line":102,"column":70}},{"start":{"line":102,"column":74},"end":{"line":102,"column":76}}],"line":102},"18":{"loc":{"start":{"line":103,"column":39},"end":{"line":103,"column":76}},"type":"binary-expr","locations":[{"start":{"line":103,"column":39},"end":{"line":103,"column":69}},{"start":{"line":103,"column":73},"end":{"line":103,"column":76}}],"line":103},"19":{"loc":{"start":{"line":107,"column":34},"end":{"line":107,"column":70}},"type":"cond-expr","locations":[{"start":{"line":107,"column":49},"end":{"line":107,"column":58}},{"start":{"line":107,"column":61},"end":{"line":107,"column":70}}],"line":107},"20":{"loc":{"start":{"line":108,"column":38},"end":{"line":108,"column":64}},"type":"cond-expr","locations":[{"start":{"line":108,"column":53},"end":{"line":108,"column":57}},{"start":{"line":108,"column":60},"end":{"line":108,"column":64}}],"line":108},"21":{"loc":{"start":{"line":109,"column":53},"end":{"line":109,"column":84}},"type":"cond-expr","locations":[{"start":{"line":109,"column":68},"end":{"line":109,"column":74}},{"start":{"line":109,"column":77},"end":{"line":109,"column":84}}],"line":109},"22":{"loc":{"start":{"line":125,"column":20},"end":{"line":125,"column":45}},"type":"binary-expr","locations":[{"start":{"line":125,"column":20},"end":{"line":125,"column":38}},{"start":{"line":125,"column":42},"end":{"line":125,"column":45}}],"line":125},"23":{"loc":{"start":{"line":128,"column":18},"end":{"line":128,"column":49}},"type":"cond-expr","locations":[{"start":{"line":128,"column":40},"end":{"line":128,"column":43}},{"start":{"line":128,"column":46},"end":{"line":128,"column":49}}],"line":128},"24":{"loc":{"start":{"line":131,"column":4},"end":{"line":134,"column":5}},"type":"if","locations":[{"start":{"line":131,"column":4},"end":{"line":134,"column":5}},{"start":{},"end":{}}],"line":131},"25":{"loc":{"start":{"line":131,"column":7},"end":{"line":131,"column":38}},"type":"binary-expr","locations":[{"start":{"line":131,"column":7},"end":{"line":131,"column":15}},{"start":{"line":131,"column":19},"end":{"line":131,"column":38}}],"line":131},"26":{"loc":{"start":{"line":140,"column":4},"end":{"line":140,"column":21}},"type":"if","locations":[{"start":{"line":140,"column":4},"end":{"line":140,"column":21}},{"start":{},"end":{}}],"line":140}},"s":{"0":1,"1":1,"2":1,"3":1,"4":0,"5":0,"6":0,"7":0,"8":0,"9":0,"10":0,"11":0,"12":0,"13":0,"14":0,"15":0,"16":0,"17":0,"18":0,"19":0,"20":0,"21":0,"22":1,"23":1,"24":3,"25":3,"26":2,"27":3,"28":3,"29":1,"30":2,"31":2,"32":3,"33":2,"34":2,"35":3,"36":2,"37":0,"38":2,"39":0,"40":0,"41":0,"42":0,"43":0,"44":0,"45":0,"46":0,"47":0,"48":0,"49":1,"50":0,"51":0,"52":0,"53":0,"54":0,"55":0,"56":0,"57":0,"58":0,"59":0,"60":0,"61":0,"62":0,"63":0,"64":0,"65":0,"66":0,"67":0,"68":0,"69":0,"70":0,"71":0,"72":0,"73":0,"74":0,"75":0,"76":0,"77":0,"78":0,"79":0,"80":0,"81":0,"82":0,"83":0,"84":0,"85":0,"86":0,"87":0,"88":0,"89":0,"90":0,"91":0},"f":{"0":1,"1":1,"2":0,"3":0,"4":0,"5":0,"6":1,"7":3,"8":2,"9":3,"10":3,"11":0,"12":0,"13":0,"14":0,"15":0,"16":0,"17":0,"18":0,"19":0,"20":0},"b":{"0":[0,0],"1":[0,0],"2":[0,0],"3":[0,0],"4":[0,0],"5":[0,0],"6":[3,0],"7":[2,1],"8":[3,2],"9":[0,0],"10":[0],"11":[0,0],"12":[0,0],"13":[0,0],"14":[0,1],"15":[1,0],"16":[0],"17":[0,0],"18":[0,0],"19":[0,0],"20":[0,0],"21":[0,0],"22":[0,0],"23":[0,0],"24":[0,0],"25":[0,0],"26":[0,0]},"_coverageSchema":"1a1c01bbd47fc00a2c39e90264f33305004495a9","hash":"11fee65f545944854673a704bc5fb44fb8de8082"}
}
