TN:
SF:script.js
FN:7,kelvinToCelsius
FN:8,kelvinToFahrenheit
FN:9,cToF
FN:10,fToC
FN:12,fetchCurrentWeatherByCity
FN:25,fetch5DayForecastByCity
FN:38,aggregateForecastToDaily
FN:40,(anonymous_7)
FN:46,(anonymous_8)
FN:48,(anonymous_9)
FN:50,(anonymous_10)
FN:51,(anonymous_11)
FN:57,init
FN:101,renderCurrent
FN:112,renderForecast
FN:114,(anonymous_15)
FN:127,(anonymous_16)
FN:133,(anonymous_17)
FN:133,(anonymous_18)
FN:137,(anonymous_19)
FN:157,(anonymous_20)
FNF:21
FNH:7
FNDA:1,kelvinToCelsius
FNDA:1,kelvinToFahrenheit
FNDA:0,cToF
FNDA:0,fToC
FNDA:0,fetchCurrentWeatherByCity
FNDA:0,fetch5DayForecastByCity
FNDA:1,aggregateForecastToDaily
FNDA:3,(anonymous_7)
FNDA:2,(anonymous_8)
FNDA:3,(anonymous_9)
FNDA:3,(anonymous_10)
FNDA:0,(anonymous_11)
FNDA:0,init
FNDA:0,renderCurrent
FNDA:0,renderForecast
FNDA:0,(anonymous_15)
FNDA:0,(anonymous_16)
FNDA:0,(anonymous_17)
FNDA:0,(anonymous_18)
FNDA:0,(anonymous_19)
FNDA:0,(anonymous_20)
DA:3,1
DA:4,1
DA:7,1
DA:8,1
DA:9,0
DA:10,0
DA:13,0
DA:14,0
DA:16,0
DA:17,0
DA:18,0
DA:19,0
DA:20,0
DA:22,0
DA:26,0
DA:27,0
DA:29,0
DA:30,0
DA:31,0
DA:32,0
DA:33,0
DA:35,0
DA:39,1
DA:40,1
DA:41,3
DA:42,3
DA:43,3
DA:44,3
DA:46,1
DA:47,2
DA:48,3
DA:49,2
DA:50,3
DA:51,2
DA:52,2
DA:58,0
DA:59,0
DA:61,0
DA:63,0
DA:65,0
DA:66,0
DA:72,0
DA:75,0
DA:78,0
DA:79,0
DA:84,1
DA:86,0
DA:98,0
DA:101,0
DA:102,0
DA:103,0
DA:104,0
DA:105,0
DA:106,0
DA:107,0
DA:108,0
DA:109,0
DA:113,0
DA:114,0
DA:115,0
DA:116,0
DA:117,0
DA:118,0
DA:119,0
DA:120,0
DA:125,0
DA:127,0
DA:128,0
DA:129,0
DA:130,0
DA:131,0
DA:132,0
DA:133,0
DA:137,0
DA:138,0
DA:139,0
DA:140,0
DA:141,0
DA:142,0
DA:146,0
DA:147,0
DA:148,0
DA:150,0
DA:151,0
DA:157,0
LF:85
LH:18
BRDA:13,0,0,0
BRDA:13,0,1,0
BRDA:13,1,0,0
BRDA:13,1,1,0
BRDA:18,2,0,0
BRDA:18,2,1,0
BRDA:26,3,0,0
BRDA:26,3,1,0
BRDA:26,4,0,0
BRDA:26,4,1,0
BRDA:31,5,0,0
BRDA:31,5,1,0
BRDA:41,6,0,3
BRDA:41,6,1,0
BRDA:42,7,0,2
BRDA:42,7,1,1
BRDA:50,8,0,3
BRDA:50,8,1,2
BRDA:51,9,0,0
BRDA:51,9,1,0
BRDA:57,10,0,0
BRDA:61,11,0,0
BRDA:61,11,1,0
BRDA:65,12,0,0
BRDA:65,12,1,0
BRDA:66,13,0,0
BRDA:66,13,1,0
BRDA:84,14,0,0
BRDA:84,14,1,1
BRDA:84,15,0,1
BRDA:84,15,1,0
BRDA:101,16,0,0
BRDA:102,17,0,0
BRDA:102,17,1,0
BRDA:103,18,0,0
BRDA:103,18,1,0
BRDA:107,19,0,0
BRDA:107,19,1,0
BRDA:108,20,0,0
BRDA:108,20,1,0
BRDA:109,21,0,0
BRDA:109,21,1,0
BRDA:125,22,0,0
BRDA:125,22,1,0
BRDA:128,23,0,0
BRDA:128,23,1,0
BRDA:131,24,0,0
BRDA:131,24,1,0
BRDA:131,25,0,0
BRDA:131,25,1,0
BRDA:140,26,0,0
BRDA:140,26,1,0
BRF:52
BRH:7
end_of_record
